<?xml version="1.0" encoding="UTF-8"?>
<!-- Generated by org.testng.reporters.JUnitXMLReporter -->
<testsuite hostname="NYCXAXSKASHEW10" ignored="0" name="Maven_Automation" tests="1" failures="1" timestamp="06 Apr 2019 18:34:00 GMT" time="36.305" errors="0">
  <testcase name="expressCheckout" time="27.501" classname="day10_0406.Express_Action_Item">
    <failure type="java.lang.AssertionError" message="The following asserts failed:
	expected [Men&amp;apos;s and Women&amp;apos;s Clothing - Shop jeans, dresses, and suits] but found [Mens &amp;amp; Women&amp;apos;s Clothing],
	expected [null] but found [assertion]">
      <![CDATA[java.lang.AssertionError: The following asserts failed:
expected [Men's and Women's Clothing - Shop jeans, dresses, and suits] but found [Mens & Women's Clothing],
expected [null] but found [assertion]
at day10_0406.Express_Action_Item.expressCheckout(Express_Action_Item.java:148)
... Removed 25 stack frames]]>
    </failure>
  </testcase> <!-- expressCheckout -->
</testsuite> <!-- Maven_Automation -->
